         w __deregister_frame_info
         w __register_frame_info
         w userAppExit
         w userAppInit
00000000 00000802 B __ctru_dev_utf16_buf
00000000 A __sync_synchronize
00000000 b _TLS_MODULE_BASE_
00000000 a shift
00000000 a shift
00000804 00000401 B __ctru_dev_path_buf
00100000 A __start__
00100000 T _start
00100008 T __service_ptr
0010000c T __apt_appid
00100010 T __heap_size
00100014 T __linear_heap_size
00100018 T __system_arglist
0010001c T __system_runflags
00100020 t startup
00100058 t ClearMem
0010006c t ClrLoop
00100094 T _init
001000ac T __aeabi_uidiv
001000ac 000001ec T __udivsi3
001000ac t .udivsi3_skip_div0_test
00100298 00000020 T __aeabi_uidivmod
001002b8 T __aeabi_idiv
001002b8 00000220 T __divsi3
001002c0 t .divsi3_skip_div0_test
001004d8 00000020 T __aeabi_idivmod
001004f8 00000004 W __aeabi_idiv0
001004f8 00000004 W __aeabi_ldiv0
001004fc T __aeabi_ldivmod
001005d0 T __aeabi_uldivmod
00100628 00000390 T strcmp
001009b0 t __do_global_dtors_aux
00100a00 t frame_dummy
00100a2c 0000000c T cmpstringp
00100a38 00000194 T getDir
00100bcc 000000a0 T copyFile
00100c6c 00000080 T moveFile
00100cec 00000598 T main
00101284 00000044 t C2Di_FrameEndHook
001012c8 0000036c T C2D_Init
00101634 0000004c T C2D_Fini
00101680 000000b8 T C2D_Prepare
00101738 00000048 T C2D_Flush
00101780 00000104 T C2D_SceneSize
00101884 00000058 T C2D_CreateScreenTarget
001018dc 00000064 T C2D_TargetClear
00101940 00000058 T C2Di_AppendQuad
00101998 00000040 T C2Di_AppendVtx
001019d8 00000550 T C2Di_Update
00101f28 00000158 T C2D_DrawRectangle
00102080 00000018 t C2Di_GlyphComp
00102098 00000140 t C2Di_CalcLineWidths
001021d8 000001dc T C2D_TextBufNew
001023b4 00000004 T C2D_TextBufDelete
001023b8 0000000c T C2D_TextBufClear
001023c4 000001c8 T C2D_TextFontParseLine
0010258c 000000a8 T C2D_TextFontParse
00102634 00000014 T C2D_TextParse
00102648 00000030 T C2D_TextOptimize
00102678 00000f6c T C2D_DrawText
001035e4 00000028 T C2D_FontFree
0010360c 000000e8 t C2Di_PostLoadFont
001036f4 000001c0 T C2D_FontLoadSystem
001038b4 00000044 T C2D_FontGlyphIndexFromCodePoint
001038f8 00000078 T C2D_FontCalcGlyphPos
00103970 00000028 T AttrInfo_Init
00103998 00000094 T AttrInfo_AddLoader
00103a2c 00000054 T C3D_SetAttrInfo
00103a80 00000080 T C3Di_AttrInfoBind
00103b00 00000004 W C3Di_LightEnvUpdate
00103b04 00000004 W C3Di_LightEnvDirty
00103b08 000000b4 t C3Di_AptEventHook
00103bbc 00000004 W C3Di_GasUpdate
00103bc0 000001d0 T C3D_Init
00103d90 00000098 T C3D_SetViewport
00103e28 000004e8 T C3Di_UpdateContext
00104310 000000e0 T C3Di_SplitFrame
001043f0 00000044 T C3D_Fini
00104434 00000194 T C3D_BindProgram
001045c8 00000024 T BufInfo_Init
001045ec 00000080 T BufInfo_Add
0010466c 0000003c T C3D_SetBufInfo
001046a8 00000048 T C3Di_BufInfoBind
001046f0 0000021c T C3D_DrawElements
0010490c 00000040 T C3D_DepthMap
0010494c 0000001c T C3D_CullFace
00104968 00000040 T C3D_StencilTest
001049a8 00000024 T C3D_StencilOp
001049cc 0000001c T C3D_BlendingColor
001049e8 00000024 T C3D_EarlyDepthTest
00104a0c 0000002c T C3D_DepthTest
00104a38 0000002c T C3D_AlphaTest
00104a64 00000050 T C3D_AlphaBlend
00104ab4 00000030 T C3D_FragOpMode
00104ae4 00000044 T C3D_FragOpShadow
00104b28 000001ac T C3Di_EffectBind
00104cd4 0000001c T C3D_CalcColorBufSize
00104cf0 0000001c T C3D_CalcDepthBufSize
00104d0c 00000044 T C3D_SetFrameBuf
00104d50 0000016c T C3Di_FrameBufBind
00104ebc 000000c8 T C3D_FrameBufClear
00104f84 00000044 T C3D_FrameBufTransfer
00104fc8 000000a8 T C3D_ImmSendAttrib
00105070 00000070 T C3D_ProcTexInit
001050e0 00000054 T C3D_ProcTexBind
00105134 0000005c T C3D_ProcTexLutBind
00105190 000000a4 T ProcTexLut_FromArray
00105234 00000178 T C3Di_ProcTexUpdate
001053ac 00000068 T C3Di_ProcTexDirty
00105414 0000004c t onVBlank0
00105460 0000004c t onVBlank1
001054ac 00000080 t C3Di_RenderTargetDestroy
0010552c 000000f4 t onQueueFinish
00105620 00000038 T C3Di_RenderQueueEnableVBlank
00105658 00000030 T C3Di_RenderQueueDisableVBlank
00105688 00000060 T C3Di_RenderQueueInit
001056e8 000000b4 T C3Di_RenderQueueExit
0010579c 00000034 T C3Di_RenderQueueWaitDone
001057d0 000000e8 T C3D_FrameBegin
001058b8 00000048 T C3D_FrameDrawOn
00105900 00000058 T C3D_FrameSplit
00105958 000001d0 T C3D_FrameEnd
00105b28 0000001c T C3D_FrameEndHook
00105b44 00000170 T C3D_RenderTargetCreate
00105cb4 000000a8 T C3D_RenderTargetSetOutput
00105d5c 00000034 T C3D_GetTexEnv
00105d90 00000024 T C3Di_TexEnvBind
00105db4 00000044 T C3D_TexBind
00105df8 0000014c T C3Di_SetTex
00105f44 00000290 T C3D_UpdateUniforms
001061d4 000000c0 T C3Di_DirtyUniforms
00106294 000000d8 T C3Di_LoadShaderUniforms
0010636c 00000028 T C3Di_ClearShaderUniforms
00106394 000000cc T Mtx_Ortho
00106460 000000cc T Mtx_OrthoTilt
0010652c 00000024 t addrMapNodeComparator(rbtree_node const*, rbtree_node const*)
00106550 00000004 t addrMapNodeDestructor(rbtree_node*)
00106554 0000012c T linearMemAlign
00106680 00000008 T linearAlloc
00106688 0000005c T linearFree
001066e4 00000088 T MemPool::CoalesceRight(MemBlock*)
0010676c 00000178 T MemPool::Allocate(MemChunk&, unsigned long, int)
001068e4 00000118 T MemPool::Deallocate(MemChunk const&)
001069fc 00000030 T MemPool::GetFreeSpace()
00106a2c 00000024 t addrMapNodeComparator(rbtree_node const*, rbtree_node const*)
00106a50 00000004 t addrMapNodeDestructor(rbtree_node*)
00106a54 00000248 T vramMemAlignAt
00106c9c 0000000c T vramAlloc
00106ca8 0000000c T vramAllocAt
00106cb4 00000094 T vramFree
00106d48 0000009c T fontEnsureMapped
00106de4 0000007c T fontFixPointers
00106e60 00000100 T fontGlyphIndexFromCodePoint
00106f60 00000214 T fontCalcGlyphPos
00107174 000000cc t gfxPresentFramebuffer
00107240 0000001c T gfxIsWide
0010725c 000000f8 T gfxSetScreenFormat
00107354 000000d8 T gfxInit
0010742c 00000010 T gfxInitDefault
0010743c 000000b8 T gfxExit
001074f4 000000a0 T gfxGetFramebuffer
00107594 00000028 T gfxScreenSwapBuffers
001075bc 00000074 T osConvertVirtToPhys
00107630 00000054 T osGetTimeRef
00107684 000000ec T osGetTime
00107770 00000034 T __ctru_speedup_config
001077a4 00000008 t romfs_close
001077ac 000000ac t romfs_seek
00107858 00000024 t romfs_dirreset
0010787c 000000c0 t fill_dir
0010793c 000002ac t romfs_dirnext
00107be8 00000074 t romfs_free
00107c5c 000000d0 t searchForFile.constprop.0
00107d2c 000000d4 t searchForDir.constprop.0
00107e00 000001c0 t navigateToDir.constprop.0
00107fc0 00000114 t romfs_open
001080d4 0000004c t romfs_chdir
00108120 00000068 t romfs_diropen
00108188 00000178 t romfs_stat
00108300 00000008 t romfs_dirclose
00108308 0000007c t romfs_fstat
00108384 000000d0 t romfs_read
00108454 0000028c T romfsMountFromFile
001086e0 000000ac T romfsMountFromTitle
0010878c 000000a0 T romfsUnmount
0010882c 0000013c T GPUCMD_Add
00108968 000000b0 T GPUCMD_Split
00108a18 00000034 T f32tof16
00108a4c 00000034 T f32tof24
00108a80 00000038 T f32tof31
00108ab8 00000010 T GX_BindQueue
00108ac8 0000007c T GX_ProcessCommandList
00108b44 00000074 T GX_MemoryFill
00108bb8 00000074 T GX_DisplayTransfer
00108c2c 00000064 t gxCmdQueueDoCommands.part.0
00108c90 000000e4 T gxCmdQueueInterrupt
00108d74 00000068 T gxCmdQueueClear
00108ddc 00000108 T gxCmdQueueAdd
00108ee4 00000080 T gxCmdQueueRun
00108f64 00000064 T gxCmdQueueStop
00108fc8 0000008c T gxCmdQueueWait
00109054 000001e0 T shaderInstanceInit
00109234 00000018 T shaderInstanceGetUniformLocation
0010924c 0000001c T shaderProgramInit
00109268 00000074 T shaderProgramFree
001092dc 00000094 T shaderProgramSetVsh
00109370 000008d0 T shaderProgramConfigure
00109c40 000001dc t DVLE_GenerateOutmap.part.0
00109e1c 000001ac T DVLB_ParseFile
00109fc8 00000050 T DVLB_Free
0010a018 00000074 T DVLE_GetUniformRegister
0010a08c 00000180 t aptConvertScreenForCapture
0010a20c 00000008 W aptDspSleep
0010a214 00000004 W aptDspWakeup
0010a218 00000004 W aptDspCancel
0010a21c 00000138 T aptSendCommand
0010a358 00000044 t aptExitProcess
0010a39c 00000394 T aptExit
0010a730 000000d8 T aptHandleSleep
0010a808 00000034 T aptHook
0010a83c 00000030 T aptUnhook
0010a86c 00000084 T APT_SleepIfShellClosed
0010a8f0 00000078 T aptSetSleepAllowed
0010a968 00000084 T APT_UnlockTransition
0010a9f0 00000470 t aptEventHandler
0010ae60 000000bc T APT_ReceiveParameter
0010af1c 000000b0 t aptReceiveParameter.constprop.0
0010afd0 00000294 t aptScreenTransfer
0010b264 000002d0 t aptWaitForWakeUp.isra.0
0010b534 000000f4 T aptJumpToHomeMenu
0010b628 00000058 T aptMainLoop
0010b680 00000240 T aptInit
0010b8c0 00000090 T APT_CheckNew3DS
0010b950 00000048 T APT_GetSharedFont
0010b998 00000038 T CFGU_SecureInfoGetRegion
0010b9d0 00000104 T fsInit
0010bad4 0000003c T fsExit
0010bb10 00000068 T fsExemptFromSession
0010bb78 00000050 T fsUnexemptFromSession
0010bbc8 000000cc T FSUSER_OpenFile
0010bc94 000000cc T FSUSER_OpenFileDirectly
0010bd60 000000b8 T FSUSER_DeleteFile
0010be18 000000f4 T FSUSER_RenameFile
0010bf0c 000000b8 T FSUSER_DeleteDirectory
0010bfc4 000000d0 T FSUSER_CreateFile
0010c094 000000c0 T FSUSER_CreateDirectory
0010c154 000000f4 T FSUSER_RenameDirectory
0010c248 000000b4 T FSUSER_OpenDirectory
0010c2fc 00000090 T FSUSER_OpenArchive
0010c38c 0000008c T FSUSER_CloseArchive
0010c418 00000074 T FSUSER_GetSdmcArchiveResource
0010c48c 00000064 T FSUSER_IsSdmcWritable
0010c4f0 00000064 T FSFILE_Read
0010c554 0000006c T FSFILE_Write
0010c5c0 00000044 T FSFILE_GetSize
0010c604 00000028 T FSFILE_SetSize
0010c62c 0000003c T FSFILE_Close
0010c668 00000024 T FSFILE_Flush
0010c68c 00000060 T FSDIR_Read
0010c6ec 0000003c T FSDIR_Close
0010c728 00000c70 t gspHardwareInit
0010d398 00000280 T gspInit
0010d618 00000110 T gspExit
0010d728 00000010 T gspHasGpuRight
0010d738 000000a4 T gspPresentBuffer
0010d7dc 00000030 T gspSetEventCallback
0010d80c 00000050 T gspWaitForEvent
0010d85c 0000004c T gspWaitForAnyEvent
0010d8a8 00000154 t gspEventThreadMain
0010d9fc 0000012c T gspSubmitGxCommand
0010db28 00000050 T GSPGPU_FlushDataCache
0010db78 00000034 T GSPGPU_SetLcdForceBlack
0010dbac 00000080 T GSPGPU_AcquireRight
0010dc2c 0000005c T GSPGPU_ReleaseRight
0010dc88 0000007c T GSPGPU_ImportDisplayCaptureInfo
0010dd04 0000002c T GSPGPU_SaveVramSysArea
0010dd30 0000002c T GSPGPU_RestoreVramSysArea
0010dd5c 00000024 W hidShouldUseIrrst
0010dd80 000001cc T hidInit
0010df4c 000000e8 T hidExit
0010e034 000002a0 T hidScanInput
0010e2d4 00000010 T hidKeysHeld
0010e2e4 00000010 T hidKeysDown
0010e2f4 000001a4 T irrstInit
0010e498 000000dc T irrstExit
0010e574 000000b4 T irrstScanInput
0010e628 00000024 T irrstKeysHeld
0010e64c 00000078 T ptmSysmInit
0010e6c4 0000003c T ptmSysmExit
0010e700 00000034 T PTMSYSM_ConfigureNew3DSCPU
0010e734 000000e0 t buffer_read
0010e814 00000164 t iov_memmove
0010e978 00000418 t decompress_lz11
0010ed90 00000110 T decompressV_LZ11
0010eea0 00000074 T rbtree_find
0010ef14 00000010 T rbtree_init
0010ef24 00000198 t do_insert
0010f0bc 00000008 T rbtree_insert
0010f0c4 00000310 T rbtree_remove
0010f3d4 00000090 T rbtree_rotate
0010f464 00000140 T decode_utf8
0010f5a4 000000e8 T utf16_to_utf8
0010f68c 000000c0 T utf8_to_utf16
0010f750 000001e8 W __system_allocateHeaps
0010f938 00000038 W __libctru_init
0010f970 0000016c W __system_initArgv
0010fadc 00000030 T __syscall_getreent
0010fb0c 00000064 T __syscall_gettod_r
0010fb70 00000004 T __syscall_lock_acquire
0010fb74 00000004 T __syscall_lock_release
0010fb78 00000004 T __syscall_lock_acquire_recursive
0010fb7c 00000004 T __syscall_lock_release_recursive
0010fb80 00000004 T __syscall_exit
0010fb84 00000054 T initThreadVars
0010fbd8 00000080 T __system_initSyscalls
0010fc58 T svcControlMemory
0010fc78 T svcQueryMemory
0010fca8 T svcExitProcess
0010fcb0 T svcCreateThread
0010fcd0 T svcExitThread
0010fcd8 T svcSleepThread
0010fce0 T svcReleaseMutex
0010fce8 T svcCreateEvent
0010fcfc T svcSignalEvent
0010fd04 T svcClearEvent
0010fd0c T svcMapMemoryBlock
0010fd14 T svcUnmapMemoryBlock
0010fd1c T svcCreateAddressArbiter
0010fd30 T svcArbitrateAddressNoTimeout
0010fd38 T svcCloseHandle
0010fd40 T svcWaitSynchronization
0010fd48 T svcWaitSynchronizationN
0010fd70 T svcDuplicateHandle
0010fd84 T svcGetSystemTick
0010fd8c T svcConnectToPort
0010fda0 T svcSendSyncRequest
0010fda8 T svcGetResourceLimit
0010fdbc T svcGetResourceLimitLimitValues
0010fdc4 T svcGetResourceLimitCurrentValues
0010fdcc T svcBreak
0010fdd4 T __aeabi_read_tp
0010fde0 W initSystem
0010fe30 W __ctru_exit
0010fe44 0000008c W envGetHandle
0010fed0 00000050 W envDestroyHandles
0010ff20 00000164 T srvInit
00110084 00000064 T srvExit
001100e8 00000060 T srvEnableNotification
00110148 000000a0 T srvGetServiceHandleDirect
001101e8 00000048 T srvGetServiceHandle
00110230 00000034 T srvSubscribe
00110264 00000060 T srvReceiveNotification
001102c4 00000038 T srvPublishToSubscriber
001102fc 0000000c T __sync_init
00110308 00000018 T __sync_fini
00110320 00000028 T syncArbitrateAddress
00110348 000000ac T LightLock_Lock
001103f4 00000040 T LightLock_Unlock
00110434 00000054 T RecursiveLock_Lock
00110488 00000054 T RecursiveLock_Unlock
001104dc 00000044 T LightEvent_Init
00110520 000000b8 T LightEvent_Clear
001105d8 000000dc T LightEvent_Signal
001106b4 00000050 T LightEvent_TryWait
00110704 000000ac T LightEvent_Wait
001107b0 000001fc T threadCreate
001109ac 00000038 T threadFree
001109e4 00000024 T threadJoin
00110a08 00000030 T threadGetCurrent
00110a38 00000040 T threadExit
00110a78 00000020 t _thread_begin
00110a98 00000090 t mappableFindAddressWithin
00110b28 00000028 T mappableInit
00110b50 0000007c T mappableAlloc
00110bcc 00000004 T mappableFree
00110bd0 0000000c T srvPmGetSessionHandle
00110bdc 00000060 T rbtree_node_next
00110c3c 00000054 T decode_utf16
00110c90 00000054 T encode_utf16
00110ce4 000000e0 T encode_utf8
00110dc4 00000030 W __appExit
00110df4 00000030 W __appInit
00110e24 00000090 W __libctru_exit
00110eb4 00000014 t archive_link
00110ec8 00000014 t archive_dirreset
00110edc 00000014 t archive_chmod
00110ef0 00000024 t error_cmp
00110f14 00000050 t archive_translate_error
00110f64 000000c0 t archive_seek
00111024 00000078 t _archiveInit.part.0
0011109c 000000d4 t archiveFindDevice.part.0
00111170 00000298 t archive_utf16path
00111408 00000098 t _archiveUnmountDeviceStruct.part.0
001114a0 00000014 t archive_statvfs
001114b4 00000014 t archive_fchmod
001114c8 00000178 t _archiveMountDevice
00111640 000000f8 t archive_diropen
00111738 000000ac t archive_fstat
001117e4 00000074 t archive_fsync
00111858 00000074 t archive_close
001118cc 00000078 t archive_dirclose
00111944 000000ec t sdmc_statvfs
00111a30 000000f8 t archive_chdir
00111b28 0000008c t archive_ftruncate
00111bb4 000000bc t archive_read
00111c70 000000a8 t archive_unlink
00111d18 000000c0 t archive_rmdir
00111dd8 000000d8 t archive_mkdir
00111eb0 000001a0 t archive_stat
00112050 00000164 t archive_dirnext
001121b4 0000013c t archive_write
001122f0 00000254 t archive_open
00112544 00000270 t archive_rename
001127b4 000001c8 T archiveMountSdmc
0011297c 00000054 T archiveUnmountAll
001129d0 000000c0 T ceilf
00112a90 00000130 T __udivmoddi4
00112bc0 000000d8 T strncmp
00112c98 00000140 T strchr
00112dd8 00000144 T _fclose_r
00112f1c 00000020 T fclose
00112f3c 00000104 T _fwrite_r
00113040 00000038 T fwrite
00113078 0000008c T strlen
00113104 000000d8 T memcmp
001131dc 0000001c t stdio_exit_handler
001131f8 0000005c t cleanup_stdio
00113254 00000154 t global_stdio_init.part.0
001133a8 00000138 T __sfp
001134e0 0000005c T __sinit
0011353c 0000000c T __sfp_lock_acquire
00113548 0000000c T __sfp_lock_release
00113554 000001ec t _strtoul_l.isra.0
00113740 0000003c T strtoul
0011377c 00000084 T __libc_init_array
00113800 0000009c T strncat
0011389c 00000070 T _fwalk_sglue
0011390c 00000078 T bsearch
00113984 0000000c T __errno
00113990 00000028 T calloc
001139b8 000008e8 T qsort
001142a0 000000e0 T _puts_r
00114380 00000020 T puts
001143a0 000000d8 T _calloc_r
00114478 00000028 T realloc
001144a0 00000020 T strdup
001144c0 0000001c T _fseek_r
001144dc 00000034 T fseek
00114510 00000028 T memalign
00114538 0000082c T _malloc_r
00114d64 00000068 T strcasecmp
00114dcc 00000114 T _malloc_trim_r
00114ee0 00000314 T _free_r
001151f4 000000a0 T snprintf
00115294 000005e0 t get_arg
00115878 0000345c T _svfprintf_r
00118cd4 0000002c T rewind
00118d00 0000003c T strnlen
00118d3c 00000040 T malloc
00118d7c 00000020 T free
00118d9c 0000022c T __sflush_r
00118fc8 000000c4 T _fflush_r
0011908c 00000048 T time
001190d4 000000e4 T memset
001191b8 000004f0 T _realloc_r
001196a8 00000054 T _strdup_r
001196fc 00000334 T _fread_r
00119a30 00000038 T fread
00119a68 0000000c T __malloc_lock
00119a74 0000000c T __malloc_unlock
00119a80 00000004 W __call_exitprocs
00119a84 00000030 T exit
00119ab4 00000134 T _fopen_r
00119be8 00000028 T fopen
00119c10 000000d4 T strncpy
00119ce4 00000034 T ftell
00119d18 0000012c T memcpy
00119e44 00000028 T _wcsrtombs_r
00119e6c 00000058 T remove
00119ec8 00000088 T frexp
00119f50 000004a4 T __sfvwrite_r
0011a3f4 00000044 T __sread
0011a438 00000068 T __swrite
0011a4a0 00000040 T __sseek
0011a4e0 00000008 T __sclose
0011a4e8 0000016c T memmove
0011a654 00000024 T __locale_mb_cur_max
0011a678 000000a4 T __ssprint_r
0011a71c 0000016c T _memalign_r
0011a888 0000015c T _wcsnrtombs_l
0011a9e4 00000064 T _wcsnrtombs_r
0011aa48 00000340 T __utf8_mbtowc
0011ad88 00000588 T _fseeko_r
0011b310 00000024 T _localeconv_r
0011b334 000000e8 T memchr
0011b41c 000001c0 t quorem
0011b5e0 000013f0 T _dtoa_r
0011c9d0 000000a0 T _wcrtomb_r
0011ca70 000000b8 T __sflags
0011cb28 0000003c T __libc_fini_array
0011cb64 00000038 t lflush
0011cb9c 000001a8 T __srefill_r
0011cd44 00000164 T __smakebuf_r
0011cea8 0000012c T __ssputs_r
0011cfd4 000001c4 T _ftello_r
0011d198 000000f8 T __utf8_wctomb
0011d290 00000140 T __swsetup_r
0011d3d0 0000005c T __assert_func
0011d42c 00000088 T _Balloc
0011d4b4 0000001c T _Bfree
0011d4d0 000000f4 T __multadd
0011d5c4 00000080 T __hi0bits
0011d644 000000f0 T __lo0bits
0011d734 000000a4 T __i2b
0011d7d8 00000230 T __multiply
0011da08 00000130 T __pow5mult
0011db38 00000138 T __lshift
0011dc70 00000058 T __mcmp
0011dcc8 00000218 T __mdiff
0011dee0 00000120 T __d2b
0011e000 0000003c T fiprintf
0011e03c 00000014 T abort
0011e050 0000009c T _raise_r
0011e0ec 00000020 T raise
0011e10c 000005e0 t get_arg
0011e6ec 000022f8 T _vfiprintf_r
001209e4 000000b4 t __sbprintf
00120a98 00000030 T __sprint_r
00120ac8 00000020 T _exit
00120ae8 00000140 T chdir
00120c28 00000090 T getcwd
00120cb8 000001c8 T _concatenate_path
00120e80 00000070 t __dirnext
00120ef0 00000114 T opendir
00121004 00000098 T closedir
0012109c 000000f8 T readdir_r
00121194 00000048 T readdir
001211dc 0000009c T _fstat_r
00121278 00000014 T _getpid_r
0012128c 0000002c T __getreent
001212b8 00000030 T _gettimeofday_r
001212e8 000000a0 T __release_handle
00121388 000000b0 T __alloc_handle
00121438 00000058 T __get_handle
00121490 00000110 T _close_r
001215a0 00000008 t null_write
001215a8 00000018 T setDefaultDevice
001215c0 000000c4 T FindDevice
00121684 00000028 T RemoveDevice
001216ac 00000098 T AddDevice
00121744 00000020 T GetDeviceOpTab
00121764 00000008 T _isatty_r
0012176c 00000014 T _kill_r
00121780 00000094 T _lseek_r
00121814 000000c0 T _open_r
001218d4 00000094 T _read_r
00121968 0000007c T _rmdir_r
001219e4 00000078 W _sbrk_r
00121a5c 0000001c T __libc_lock_acquire
00121a78 0000001c T __libc_lock_release
00121a94 0000001c T __libc_lock_acquire_recursive
00121ab0 0000001c T __libc_lock_release_recursive
00121acc 00000078 T _unlink_r
00121b44 00000094 T _write_r
00121bd8 00000048 T strrchr
00121c20 T _fini
001221e8 r .LC2
001222c8 00000010 r C2Di_FontPaths
001222d8 R render2d_shbin
00122464 R render2d_shbin_end
00122464 R render2d_shbin_size
00122468 00000004 r depthFmtSizes
0012246c 00000005 r colorFmtSizes
00122474 00000010 r CSWTCH.11
00122484 00000080 r romFS_devoptab
0012252c 00000008 r morton_y.2
00122534 00000008 r morton_x.3
0012253c 00000008 r s_sleepWakeEvents.4
00122544 0000000c r serviceNameTable.5
00122550 00000030 r error_table
00122580 00000080 r archive_devoptab
00122728 00000010 r zeroes.0
00122738 00000010 r blanks.1
00122748 00000101 R _ctype_
0012284c 0000006c R __action_table
001228b8 0000006c R __state_table
00122924 00000100 R __chclass
00122a2c 0000000c r p05.0
00122a38 00000028 R __mprec_bigtens
00122a60 000000c8 R __mprec_tens
00122c14 00000010 r zeroes.0
00122c24 00000010 r blanks.1
00122c34 00000080 R dotab_stdnull
00122cb4 R __tdata_align
00122cb8 r __EH_FRAME_BEGIN__
00122cb8 R __exidx_end
00122cb8 R __exidx_start
00123000 00000008 d framerateCounter
00123008 00000004 d framerate
0012300c 00000004 d queueLock
00123010 00000004 d aptChainloadDeliverArgSize
00123014 00000004 d kCount
00123018 00000004 d kInterval
0012301c 00000004 d kDelay
00123020 W __stacksize__
00123024 0000000c D __sglue
00123030 00000004 D __malloc_sbrk_base
00123034 00000004 D __malloc_trim_threshold
00123038 00000408 D __malloc_av_
00123440 00000004 D _impure_ptr
00123448 00000140 D _impure_data
00123588 0000016c D __global_locale
001236f4 00000400 d _current_working_directory
00123af8 00001000 d handles
00124af8 0000000c d __stderr_handle
00124b04 0000000c d __stdout_handle
00124b10 0000000c d __stdin_handle
00124b1c 0000008c D devoptab_list
00124ba8 00000004 d defaultDevice
00124bb4 d _GLOBAL_OFFSET_TABLE_
00124bc0 d __frame_dummy_init_array_entry
00124bc0 D __init_array_start
00124bc0 B __preinit_array_end
00124bc0 B __preinit_array_start
00124bc0 D __tdata_lma
00124bc0 D __tdata_lma_end
00124bc4 d __do_global_dtors_aux_fini_array_entry
00124bc4 D __fini_array_start
00124bc4 D __init_array_end
00124bc8 D __bss_start__
00124bc8 D __fini_array_end
00124bc8 00000008 b mill.0
00124bd0 b completed.1
00124bd4 b object.0
00124bf0 000005a8 B __C2Di_Context
00125198 00000040 b s_projBot
001251d8 00000040 b s_projTop
00125218 00000004 b uLoc_mdlvMtx
0012521c 00000004 b uLoc_projMtx
00125220 00000004 b s_glyphSheets
00125224 00000004 b s_textScale
00125228 0000000c b hookCookie
00125238 000002d0 B __C3D_Context
00125508 00000004 b frameEndCbData
0012550c 00000004 b frameEndCb
00125510 00000008 b frameCounter
00125518 00000001 b isTopStereo
00125519 00000001 b needSwapBot
0012551a 00000001 b needSwapTop
0012551b 00000001 b measureGpuTime
0012551c 00000001 b inSafeTransfer
0012551d 00000001 b inFrame
00125520 00000010 b cpuTime
00125530 00000010 b gpuTime
00125540 0000000c b linkedTarget
0012554c 00000004 b lastTarget
00125550 00000004 b firstTarget
00125554 00000008 b C3Di_IVUnifEverDirty
0012555c 000000c0 b C3Di_FVUnifEverDirty
0012561c 00000018 b C3Di_ShaderFVecData
00125634 00000002 B C3D_BoolUnifsDirty
00125638 00000008 B C3D_IVUnifDirty
00125640 000000c0 B C3D_FVUnifDirty
00125700 00000004 B C3D_BoolUnifs
00125704 00000020 B C3D_IVUnif
00125724 00000c00 B C3D_FVUnif
00126328 00000008 b sLinearPool
00126330 0000000c b sAddrMap
00126340 00000008 b sVramPoolB
00126348 00000008 b sVramPoolA
00126350 0000000c b sAddrMap
0012635c 00000004 b sharedFontAddr
00126360 00000004 B g_sharedFont
00126364 00000004 b screenAlloc
00126368 00000004 b screenFree
0012636c 00000002 b gfxIsDoubleBuf
00126370 00000002 b gfxCurBuf
00126372 00000001 b gfxIsVram
00126373 00000001 b gfxTopMode
00126374 00000002 b gfxFramebufferFormats
00126378 00000004 b gfxBottomFramebufferMaxSize
0012637c 00000004 b gfxTopFramebufferMaxSize
00126380 00000008 b gfxBottomFramebuffers
00126388 00000008 b gfxTopFramebuffers
00126390 00000001 V __ctru_speedup
00126394 00000004 b romfs_mount_list
00126398 00000004 B gpuCmdBufOffset
0012639c 00000004 B gpuCmdBufSize
001263a0 00000004 B gpuCmdBuf
001263a4 00000004 b boundQueue
001263a8 00000001 b shouldStop
001263a9 00000001 b isRunning
001263aa 00000001 b isActive
001263ac 00000004 b curQueue
001263b0 00000001 b flagValue.0
001263b1 00000001 b flagInit.1
001263b4 00000004 b serviceName.6
001263b8 00000001 b aptChainloadFlags
001263b9 00000001 b aptChainloadMediatype
001263bc 00000020 b aptChainloadHmac
001263dc 00000300 b aptChainloadDeliverArg
001266e0 00000008 b aptChainloadTid
001266e8 00001000 b aptParameters
001276e8 00000004 b aptFlags
001276ec 00000001 b aptHomeButtonState
001276f0 00000004 b aptMessageFuncData
001276f4 00000004 b aptMessageFunc
001276f8 0000000c b aptFirstHook
00127704 00000001 b aptEventHandlerThreadQuit
00127708 00000004 b aptEventHandlerThread
0012770c 00000008 b aptSleepEvent
00127714 00000008 b aptReceiveEvent
0012771c 00000008 b aptEvents
00127724 00000004 b aptLockHandle
00127728 00000004 b aptRefCount
0012772c 00000004 b cfguHandle
00127730 00000080 b fsExemptArchives
001277b0 00000004 b fsuRefCount
001277b4 00000004 b fsuHandle
001277b8 00000007 b gspEventCbOneShot
001277c0 0000001c b gspEventCbData
001277dc 0000001c b gspEventCb
001277f8 00000038 b gspEvents
00127830 00000004 b gspLastEvent
00127834 00000001 b gspRunEvents
00127838 00000004 b gspEventThread
0012783c 00000004 b gspEvent
00127840 00000001 b gspGpuRight
00127841 00000001 b gspThreadId
00127844 00000004 b gspSharedMem
00127848 00000004 b gspSharedMemHandle
0012784c 00000004 b gspRefCount
00127850 00000004 b gspGpuHandle
00127854 00000001 b usingIrrst
00127858 00000004 b hidRefCount
0012785c 00000006 b gRate
00127864 00000006 b aVec
0012786c 00000004 b cPos
00127870 00000004 b tPos
00127874 00000004 b kRepeat
00127878 00000004 b kUp
0012787c 00000004 b kDown
00127880 00000004 b kHeld
00127884 00000004 b kOld
00127888 00000004 B hidSharedMem
0012788c 00000014 B hidEvents
001278a0 00000004 B hidMemHandle
001278a4 00000004 B hidHandle
001278a8 00000004 b irrstRefCount
001278ac 00000004 b csPos
001278b0 00000004 b kHeld
001278b4 00000004 B irrstSharedMem
001278b8 00000004 B irrstEvent
001278bc 00000004 B irrstMemHandle
001278c0 00000004 B irrstHandle
001278c4 00000004 b ptmSysmRefCount
001278c8 00000004 b ptmSysmHandle
001278cc 00000004 V __ctru_linear_heap_size
001278d0 00000004 V __ctru_heap_size
001278d4 00000004 B __ctru_linear_heap
001278d8 00000004 B __ctru_heap
001278dc 00000004 B __system_retAddr
001278e0 00000004 B __system_argv
001278e4 00000004 B __system_argc
001278e8 b saved_stack
001278f0 00000004 B __3dslink_host
001278f4 00000004 b srvRefCount
001278f8 00000004 b srvHandle
001278fc 00000004 b arbiter
00127900 00000004 b currentAddr
00127904 00000004 b maxAddr
00127908 00000004 b minAddr
0012790c 00000004 b srvPmHandle
00127910 000005c0 b archive_devices
00127ed0 00000004 b archive_device_cwd
00127ed4 00000001 b archive_initialized
00127ed8 0000000c b __sfp_recursive_mutex
00127ee8 00000168 B __sf
00128050 00000004 B __stdio_exit_handler
00128054 00000028 B __malloc_current_mallinfo
0012807c 00000004 B __malloc_max_total_mem
00128080 00000004 B __malloc_max_sbrked_mem
00128084 00000004 B __malloc_top_pad
00128088 0000000c b __malloc_recursive_mutex
00128094 00000400 b temp_cwd
00128494 00000004 b __hndl_lock
00128498 00000004 B fake_heap_start
0012849c 00000004 B fake_heap_end
001284a0 00000004 b heap_start.0
001284a4 B __tls_start
001290ac B __bss_end__
001290ac A __end__
001290ac B __tls_end
